<xml><appid><![CDATA[wx67c8081d6cc7eb32]]></appid>
<bank_type><![CDATA[CFT]]></bank_type>
<cash_fee><![CDATA[1]]></cash_fee>
<fee_type><![CDATA[CNY]]></fee_type>
<is_subscribe><![CDATA[Y]]></is_subscribe>
<mch_id><![CDATA[1367406702]]></mch_id>
<nonce_str><![CDATA[NWVSsxAfY8o8W9MZF9VglflkqGEPN5f1]]></nonce_str>
<openid><![CDATA[ox6lZv-qzAu9dBk7BKoQ72bMf8lk]]></openid>
<out_trade_no><![CDATA[2016072956525548]]></out_trade_no>
<result_code><![CDATA[SUCCESS]]></result_code>
<return_code><![CDATA[SUCCESS]]></return_code>
<sign><![CDATA[A0578CFA8398BF8F87A57C52E22AC595]]></sign>
<time_end><![CDATA[20160729170300]]></time_end>
<total_fee>1</total_fee>
<trade_type><![CDATA[JSAPI]]></trade_type>
<transaction_id><![CDATA[4006292001201607290054493587]]></transaction_id>
</xml><xml><appid><![CDATA[wx67c8081d6cc7eb32]]></appid>
<bank_type><![CDATA[CFT]]></bank_type>
<cash_fee><![CDATA[1]]></cash_fee>
<fee_type><![CDATA[CNY]]></fee_type>
<is_subscribe><![CDATA[Y]]></is_subscribe>
<mch_id><![CDATA[1367406702]]></mch_id>
<nonce_str><![CDATA[NWVSsxAfY8o8W9MZF9VglflkqGEPN5f1]]></nonce_str>
<openid><![CDATA[ox6lZv-qzAu9dBk7BKoQ72bMf8lk]]></openid>
<out_trade_no><![CDATA[2016072956525548]]></out_trade_no>
<result_code><![CDATA[SUCCESS]]></result_code>
<return_code><![CDATA[SUCCESS]]></return_code>
<sign><![CDATA[A0578CFA8398BF8F87A57C52E22AC595]]></sign>
<time_end><![CDATA[20160729170300]]></time_end>
<total_fee>1</total_fee>
<trade_type><![CDATA[JSAPI]]></trade_type>
<transaction_id><![CDATA[4006292001201607290054493587]]></transaction_id>
</xml><xml><appid><![CDATA[wx67c8081d6cc7eb32]]></appid>
<bank_type><![CDATA[CFT]]></bank_type>
<cash_fee><![CDATA[1]]></cash_fee>
<fee_type><![CDATA[CNY]]></fee_type>
<is_subscribe><![CDATA[Y]]></is_subscribe>
<mch_id><![CDATA[1367406702]]></mch_id>
<nonce_str><![CDATA[v7c6iwcaw9fU4zXeJqvyFy0n6fw2LfUA]]></nonce_str>
<openid><![CDATA[ox6lZv-qzAu9dBk7BKoQ72bMf8lk]]></openid>
<out_trade_no><![CDATA[2016072910210048]]></out_trade_no>
<result_code><![CDATA[SUCCESS]]></result_code>
<return_code><![CDATA[SUCCESS]]></return_code>
<sign><![CDATA[5866C6F44FC2CAA49F5FFDBBF4C9C428]]></sign>
<time_end><![CDATA[20160729170032]]></time_end>
<total_fee>1</total_fee>
<trade_type><![CDATA[JSAPI]]></trade_type>
<transaction_id><![CDATA[4006292001201607290054406574]]></transaction_id>
</xml><xml><appid><![CDATA[wx67c8081d6cc7eb32]]></appid>
<bank_type><![CDATA[CFT]]></bank_type>
<cash_fee><![CDATA[1]]></cash_fee>
<fee_type><![CDATA[CNY]]></fee_type>
<is_subscribe><![CDATA[Y]]></is_subscribe>
<mch_id><![CDATA[1367406702]]></mch_id>
<nonce_str><![CDATA[NWVSsxAfY8o8W9MZF9VglflkqGEPN5f1]]></nonce_str>
<openid><![CDATA[ox6lZv-qzAu9dBk7BKoQ72bMf8lk]]></openid>
<out_trade_no><![CDATA[2016072956525548]]></out_trade_no>
<result_code><![CDATA[SUCCESS]]></result_code>
<return_code><![CDATA[SUCCESS]]></return_code>
<sign><![CDATA[A0578CFA8398BF8F87A57C52E22AC595]]></sign>
<time_end><![CDATA[20160729170300]]></time_end>
<total_fee>1</total_fee>
<trade_type><![CDATA[JSAPI]]></trade_type>
<transaction_id><![CDATA[4006292001201607290054493587]]></transaction_id>
</xml><xml><appid><![CDATA[wx67c8081d6cc7eb32]]></appid>
<bank_type><![CDATA[CFT]]></bank_type>
<cash_fee><![CDATA[1]]></cash_fee>
<fee_type><![CDATA[CNY]]></fee_type>
<is_subscribe><![CDATA[Y]]></is_subscribe>
<mch_id><![CDATA[1367406702]]></mch_id>
<nonce_str><![CDATA[ooWFG5f1Xer6zMdNlcB8Y9kP65dAYUgZ]]></nonce_str>
<openid><![CDATA[ox6lZvwT28wIf6Nj-DlXdExyYvB4]]></openid>
<out_trade_no><![CDATA[2016072957100989]]></out_trade_no>
<result_code><![CDATA[SUCCESS]]></result_code>
<return_code><![CDATA[SUCCESS]]></return_code>
<sign><![CDATA[0EFC4E8A1D65199BA9F9A8294383887B]]></sign>
<time_end><![CDATA[20160729153605]]></time_end>
<total_fee>1</total_fee>
<trade_type><![CDATA[JSAPI]]></trade_type>
<transaction_id><![CDATA[4002352001201607290045850052]]></transaction_id>
</xml><xml><appid><![CDATA[wx67c8081d6cc7eb32]]></appid>
<bank_type><![CDATA[CFT]]></bank_type>
<cash_fee><![CDATA[1]]></cash_fee>
<fee_type><![CDATA[CNY]]></fee_type>
<is_subscribe><![CDATA[Y]]></is_subscribe>
<mch_id><![CDATA[1367406702]]></mch_id>
<nonce_str><![CDATA[NWVSsxAfY8o8W9MZF9VglflkqGEPN5f1]]></nonce_str>
<openid><![CDATA[ox6lZv-qzAu9dBk7BKoQ72bMf8lk]]></openid>
<out_trade_no><![CDATA[2016072956525548]]></out_trade_no>
<result_code><![CDATA[SUCCESS]]></result_code>
<return_code><![CDATA[SUCCESS]]></return_code>
<sign><![CDATA[A0578CFA8398BF8F87A57C52E22AC595]]></sign>
<time_end><![CDATA[20160729170300]]></time_end>
<total_fee>1</total_fee>
<trade_type><![CDATA[JSAPI]]></trade_type>
<transaction_id><![CDATA[4006292001201607290054493587]]></transaction_id>
</xml><xml><appid><![CDATA[wx67c8081d6cc7eb32]]></appid>
<bank_type><![CDATA[CFT]]></bank_type>
<cash_fee><![CDATA[1]]></cash_fee>
<fee_type><![CDATA[CNY]]></fee_type>
<is_subscribe><![CDATA[Y]]></is_subscribe>
<mch_id><![CDATA[1367406702]]></mch_id>
<nonce_str><![CDATA[ooWFG5f1Xer6zMdNlcB8Y9kP65dAYUgZ]]></nonce_str>
<openid><![CDATA[ox6lZvwT28wIf6Nj-DlXdExyYvB4]]></openid>
<out_trade_no><![CDATA[2016072957100989]]></out_trade_no>
<result_code><![CDATA[SUCCESS]]></result_code>
<return_code><![CDATA[SUCCESS]]></return_code>
<sign><![CDATA[0EFC4E8A1D65199BA9F9A8294383887B]]></sign>
<time_end><![CDATA[20160729153605]]></time_end>
<total_fee>1</total_fee>
<trade_type><![CDATA[JSAPI]]></trade_type>
<transaction_id><![CDATA[4002352001201607290045850052]]></transaction_id>
</xml><xml><appid><![CDATA[wx67c8081d6cc7eb32]]></appid>
<bank_type><![CDATA[CFT]]></bank_type>
<cash_fee><![CDATA[1]]></cash_fee>
<fee_type><![CDATA[CNY]]></fee_type>
<is_subscribe><![CDATA[Y]]></is_subscribe>
<mch_id><![CDATA[1367406702]]></mch_id>
<nonce_str><![CDATA[acSxbbJJwB5TRZqUBK6bcDJbP65pfB1i]]></nonce_str>
<openid><![CDATA[ox6lZvwT28wIf6Nj-DlXdExyYvB4]]></openid>
<out_trade_no><![CDATA[2016072953491009]]></out_trade_no>
<result_code><![CDATA[SUCCESS]]></result_code>
<return_code><![CDATA[SUCCESS]]></return_code>
<sign><![CDATA[9E6E1A8E7D21BA93785276D8938DFBBB]]></sign>
<time_end><![CDATA[20160729153752]]></time_end>
<total_fee>1</total_fee>
<trade_type><![CDATA[JSAPI]]></trade_type>
<transaction_id><![CDATA[4002352001201607290045919128]]></transaction_id>
</xml><xml><appid><![CDATA[wx67c8081d6cc7eb32]]></appid>
<bank_type><![CDATA[CFT]]></bank_type>
<cash_fee><![CDATA[1]]></cash_fee>
<fee_type><![CDATA[CNY]]></fee_type>
<is_subscribe><![CDATA[Y]]></is_subscribe>
<mch_id><![CDATA[1367406702]]></mch_id>
<nonce_str><![CDATA[yK2m7JoH2AMBDZg8mqHGjJtxTATdoBe6]]></nonce_str>
<openid><![CDATA[ox6lZvwT28wIf6Nj-DlXdExyYvB4]]></openid>
<out_trade_no><![CDATA[2016072949519755]]></out_trade_no>
<result_code><![CDATA[SUCCESS]]></result_code>
<return_code><![CDATA[SUCCESS]]></return_code>
<sign><![CDATA[E1B1E02C22DB7A2ACEBCC8298155946B]]></sign>
<time_end><![CDATA[20160729143925]]></time_end>
<total_fee>1</total_fee>
<trade_type><![CDATA[JSAPI]]></trade_type>
<transaction_id><![CDATA[4002352001201607290043714197]]></transaction_id>
</xml><xml><appid><![CDATA[wx67c8081d6cc7eb32]]></appid>
<bank_type><![CDATA[CFT]]></bank_type>
<cash_fee><![CDATA[1]]></cash_fee>
<fee_type><![CDATA[CNY]]></fee_type>
<is_subscribe><![CDATA[Y]]></is_subscribe>
<mch_id><![CDATA[1367406702]]></mch_id>
<nonce_str><![CDATA[mANrWyRQi1KrY6lyZhF6MLPhjmcNvriB]]></nonce_str>
<openid><![CDATA[ox6lZvwT28wIf6Nj-DlXdExyYvB4]]></openid>
<out_trade_no><![CDATA[2016072910251575]]></out_trade_no>
<result_code><![CDATA[SUCCESS]]></result_code>
<return_code><![CDATA[SUCCESS]]></return_code>
<sign><![CDATA[58D4EAD9F185A23A51778F9BFE2FF25E]]></sign>
<time_end><![CDATA[20160729144027]]></time_end>
<total_fee>1</total_fee>
<trade_type><![CDATA[JSAPI]]></trade_type>
<transaction_id><![CDATA[4002352001201607290042005752]]></transaction_id>
</xml><xml><appid><![CDATA[wx67c8081d6cc7eb32]]></appid>
<bank_type><![CDATA[CFT]]></bank_type>
<cash_fee><![CDATA[1]]></cash_fee>
<fee_type><![CDATA[CNY]]></fee_type>
<is_subscribe><![CDATA[Y]]></is_subscribe>
<mch_id><![CDATA[1367406702]]></mch_id>
<nonce_str><![CDATA[Q6elqOROmZAvv4B7nSc9Nc9qc8KVTvii]]></nonce_str>
<openid><![CDATA[ox6lZvwT28wIf6Nj-DlXdExyYvB4]]></openid>
<out_trade_no><![CDATA[2016072948974951]]></out_trade_no>
<result_code><![CDATA[SUCCESS]]></result_code>
<return_code><![CDATA[SUCCESS]]></return_code>
<sign><![CDATA[92718391C4235A10F52DC02A2E6EDBCD]]></sign>
<time_end><![CDATA[20160729161214]]></time_end>
<total_fee>1</total_fee>
<trade_type><![CDATA[JSAPI]]></trade_type>
<transaction_id><![CDATA[4002352001201607290050778214]]></transaction_id>
</xml><xml><appid><![CDATA[wx67c8081d6cc7eb32]]></appid>
<bank_type><![CDATA[CFT]]></bank_type>
<cash_fee><![CDATA[1]]></cash_fee>
<fee_type><![CDATA[CNY]]></fee_type>
<is_subscribe><![CDATA[Y]]></is_subscribe>
<mch_id><![CDATA[1367406702]]></mch_id>
<nonce_str><![CDATA[qVYqvSPad9MAKNZO9UTG2J50iFU4J1jk]]></nonce_str>
<openid><![CDATA[ox6lZvwT28wIf6Nj-DlXdExyYvB4]]></openid>
<out_trade_no><![CDATA[2016072950555255]]></out_trade_no>
<result_code><![CDATA[SUCCESS]]></result_code>
<return_code><![CDATA[SUCCESS]]></return_code>
<sign><![CDATA[12132F5B04EBBDAE846F0EDAD7DDFFB9]]></sign>
<time_end><![CDATA[20160729144326]]></time_end>
<total_fee>1</total_fee>
<trade_type><![CDATA[JSAPI]]></trade_type>
<transaction_id><![CDATA[4002352001201607290042132809]]></transaction_id>
</xml><xml><appid><![CDATA[wx67c8081d6cc7eb32]]></appid>
<bank_type><![CDATA[CFT]]></bank_type>
<cash_fee><![CDATA[1]]></cash_fee>
<fee_type><![CDATA[CNY]]></fee_type>
<is_subscribe><![CDATA[Y]]></is_subscribe>
<mch_id><![CDATA[1367406702]]></mch_id>
<nonce_str><![CDATA[7ltmIk8pl9uKMFoK3TouEdso5ZAIAe5J]]></nonce_str>
<openid><![CDATA[ox6lZvwT28wIf6Nj-DlXdExyYvB4]]></openid>
<out_trade_no><![CDATA[2016072998575256]]></out_trade_no>
<result_code><![CDATA[SUCCESS]]></result_code>
<return_code><![CDATA[SUCCESS]]></return_code>
<sign><![CDATA[0EBFF645D4994218EC68A303B2A2F8FB]]></sign>
<time_end><![CDATA[20160729154351]]></time_end>
<total_fee>1</total_fee>
<trade_type><![CDATA[JSAPI]]></trade_type>
<transaction_id><![CDATA[4002352001201607290047797531]]></transaction_id>
</xml><xml><appid><![CDATA[wx67c8081d6cc7eb32]]></appid>
<bank_type><![CDATA[CFT]]></bank_type>
<cash_fee><![CDATA[1]]></cash_fee>
<fee_type><![CDATA[CNY]]></fee_type>
<is_subscribe><![CDATA[Y]]></is_subscribe>
<mch_id><![CDATA[1367406702]]></mch_id>
<nonce_str><![CDATA[JZltfwlZYtqCY70WvHQB7VXgtupccv0l]]></nonce_str>
<openid><![CDATA[ox6lZvwT28wIf6Nj-DlXdExyYvB4]]></openid>
<out_trade_no><![CDATA[2016072999999852]]></out_trade_no>
<result_code><![CDATA[SUCCESS]]></result_code>
<return_code><![CDATA[SUCCESS]]></return_code>
<sign><![CDATA[6BF659A92E22C8C033FA78AC6E17AF37]]></sign>
<time_end><![CDATA[20160729144409]]></time_end>
<total_fee>1</total_fee>
<trade_type><![CDATA[JSAPI]]></trade_type>
<transaction_id><![CDATA[4002352001201607290042160231]]></transaction_id>
</xml><xml><appid><![CDATA[wx67c8081d6cc7eb32]]></appid>
<bank_type><![CDATA[CFT]]></bank_type>
<cash_fee><![CDATA[1]]></cash_fee>
<fee_type><![CDATA[CNY]]></fee_type>
<is_subscribe><![CDATA[Y]]></is_subscribe>
<mch_id><![CDATA[1367406702]]></mch_id>
<nonce_str><![CDATA[WArsMH2FOQ22Ov3JPDR0ggKfwMnDa0NB]]></nonce_str>
<openid><![CDATA[ox6lZvwT28wIf6Nj-DlXdExyYvB4]]></openid>
<out_trade_no><![CDATA[2016072998979955]]></out_trade_no>
<result_code><![CDATA[SUCCESS]]></result_code>
<return_code><![CDATA[SUCCESS]]></return_code>
<sign><![CDATA[B99F8EE97BD6791F9FADBD22A3AEC623]]></sign>
<time_end><![CDATA[20160729161446]]></time_end>
<total_fee>1</total_fee>
<trade_type><![CDATA[JSAPI]]></trade_type>
<transaction_id><![CDATA[4002352001201607290049153753]]></transaction_id>
</xml><xml><appid><![CDATA[wx67c8081d6cc7eb32]]></appid>
<bank_type><![CDATA[CFT]]></bank_type>
<cash_fee><![CDATA[1]]></cash_fee>
<fee_type><![CDATA[CNY]]></fee_type>
<is_subscribe><![CDATA[Y]]></is_subscribe>
<mch_id><![CDATA[1367406702]]></mch_id>
<nonce_str><![CDATA[MfB65TQdqGthE13N2wThXKfO5npauBuU]]></nonce_str>
<openid><![CDATA[ox6lZvwT28wIf6Nj-DlXdExyYvB4]]></openid>
<out_trade_no><![CDATA[2016072910257974]]></out_trade_no>
<result_code><![CDATA[SUCCESS]]></result_code>
<return_code><![CDATA[SUCCESS]]></return_code>
<sign><![CDATA[DBC7C5495EC136C60631896023D3CEF1]]></sign>
<time_end><![CDATA[20160729144515]]></time_end>
<total_fee>1</total_fee>
<trade_type><![CDATA[JSAPI]]></trade_type>
<transaction_id><![CDATA[4002352001201607290043919817]]></transaction_id>
</xml><xml><appid><![CDATA[wx67c8081d6cc7eb32]]></appid>
<bank_type><![CDATA[CFT]]></bank_type>
<cash_fee><![CDATA[1]]></cash_fee>
<fee_type><![CDATA[CNY]]></fee_type>
<is_subscribe><![CDATA[Y]]></is_subscribe>
<mch_id><![CDATA[1367406702]]></mch_id>
<nonce_str><![CDATA[jsYkb7cu8OVGwvvbmNKtH9gi95EWzzar]]></nonce_str>
<openid><![CDATA[ox6lZvwT28wIf6Nj-DlXdExyYvB4]]></openid>
<out_trade_no><![CDATA[2016072951559899]]></out_trade_no>
<result_code><![CDATA[SUCCESS]]></result_code>
<return_code><![CDATA[SUCCESS]]></return_code>
<sign><![CDATA[F08EC5D268E7472B4867901458714B99]]></sign>
<time_end><![CDATA[20160729154655]]></time_end>
<total_fee>1</total_fee>
<trade_type><![CDATA[JSAPI]]></trade_type>
<transaction_id><![CDATA[4002352001201607290046243411]]></transaction_id>
</xml><xml><appid><![CDATA[wx67c8081d6cc7eb32]]></appid>
<bank_type><![CDATA[CFT]]></bank_type>
<cash_fee><![CDATA[1]]></cash_fee>
<fee_type><![CDATA[CNY]]></fee_type>
<is_subscribe><![CDATA[Y]]></is_subscribe>
<mch_id><![CDATA[1367406702]]></mch_id>
<nonce_str><![CDATA[qM5pZf2FlzXnzaekVDmoIoGgSEsK3LTp]]></nonce_str>
<openid><![CDATA[ox6lZvwT28wIf6Nj-DlXdExyYvB4]]></openid>
<out_trade_no><![CDATA[2016072999101525]]></out_trade_no>
<result_code><![CDATA[SUCCESS]]></result_code>
<return_code><![CDATA[SUCCESS]]></return_code>
<sign><![CDATA[D37532BA461DC1E9232F8E3D29B8D588]]></sign>
<time_end><![CDATA[20160729144825]]></time_end>
<total_fee>1</total_fee>
<trade_type><![CDATA[JSAPI]]></trade_type>
<transaction_id><![CDATA[4002352001201607290042273753]]></transaction_id>
</xml><xml><appid><![CDATA[wx67c8081d6cc7eb32]]></appid>
<bank_type><![CDATA[CFT]]></bank_type>
<cash_fee><![CDATA[1]]></cash_fee>
<fee_type><![CDATA[CNY]]></fee_type>
<is_subscribe><![CDATA[N]]></is_subscribe>
<mch_id><![CDATA[1367406702]]></mch_id>
<nonce_str><![CDATA[DbvUPhOAptigwKssxh5PMK6VttNFOyOh]]></nonce_str>
<openid><![CDATA[ox6lZv3eVnFWVPSz6XNU9i-IWl84]]></openid>
<out_trade_no><![CDATA[2016072951999852]]></out_trade_no>
<result_code><![CDATA[SUCCESS]]></result_code>
<return_code><![CDATA[SUCCESS]]></return_code>
<sign><![CDATA[D808DBA4883C4429681F21A19014F1A5]]></sign>
<time_end><![CDATA[20160729172139]]></time_end>
<total_fee>1</total_fee>
<trade_type><![CDATA[JSAPI]]></trade_type>
<transaction_id><![CDATA[4005882001201607290053514872]]></transaction_id>
</xml><xml><appid><![CDATA[wx67c8081d6cc7eb32]]></appid>
<bank_type><![CDATA[CFT]]></bank_type>
<cash_fee><![CDATA[1]]></cash_fee>
<fee_type><![CDATA[CNY]]></fee_type>
<is_subscribe><![CDATA[Y]]></is_subscribe>
<mch_id><![CDATA[1367406702]]></mch_id>
<nonce_str><![CDATA[v7c6iwcaw9fU4zXeJqvyFy0n6fw2LfUA]]></nonce_str>
<openid><![CDATA[ox6lZv-qzAu9dBk7BKoQ72bMf8lk]]></openid>
<out_trade_no><![CDATA[2016072910210048]]></out_trade_no>
<result_code><![CDATA[SUCCESS]]></result_code>
<return_code><![CDATA[SUCCESS]]></return_code>
<sign><![CDATA[5866C6F44FC2CAA49F5FFDBBF4C9C428]]></sign>
<time_end><![CDATA[20160729170032]]></time_end>
<total_fee>1</total_fee>
<trade_type><![CDATA[JSAPI]]></trade_type>
<transaction_id><![CDATA[4006292001201607290054406574]]></transaction_id>
</xml><xml><appid><![CDATA[wx67c8081d6cc7eb32]]></appid>
<bank_type><![CDATA[CFT]]></bank_type>
<cash_fee><![CDATA[1]]></cash_fee>
<fee_type><![CDATA[CNY]]></fee_type>
<is_subscribe><![CDATA[N]]></is_subscribe>
<mch_id><![CDATA[1367406702]]></mch_id>
<nonce_str><![CDATA[VuHkPgkHGmMnrgm665QgX35GWNbjuFb7]]></nonce_str>
<openid><![CDATA[ox6lZvxRN_-tTi53aIKBG4Oxn_L8]]></openid>
<out_trade_no><![CDATA[2016072956501025]]></out_trade_no>
<result_code><![CDATA[SUCCESS]]></result_code>
<return_code><![CDATA[SUCCESS]]></return_code>
<sign><![CDATA[77592F3EE44C376AF5CA1648067D0476]]></sign>
<time_end><![CDATA[20160729173102]]></time_end>
<total_fee>1</total_fee>
<trade_type><![CDATA[JSAPI]]></trade_type>
<transaction_id><![CDATA[4006272001201607290055489790]]></transaction_id>
</xml><xml><appid><![CDATA[wx67c8081d6cc7eb32]]></appid>
<bank_type><![CDATA[CFT]]></bank_type>
<cash_fee><![CDATA[1]]></cash_fee>
<fee_type><![CDATA[CNY]]></fee_type>
<is_subscribe><![CDATA[Y]]></is_subscribe>
<mch_id><![CDATA[1367406702]]></mch_id>
<nonce_str><![CDATA[NWVSsxAfY8o8W9MZF9VglflkqGEPN5f1]]></nonce_str>
<openid><![CDATA[ox6lZv-qzAu9dBk7BKoQ72bMf8lk]]></openid>
<out_trade_no><![CDATA[2016072956525548]]></out_trade_no>
<result_code><![CDATA[SUCCESS]]></result_code>
<return_code><![CDATA[SUCCESS]]></return_code>
<sign><![CDATA[A0578CFA8398BF8F87A57C52E22AC595]]></sign>
<time_end><![CDATA[20160729170300]]></time_end>
<total_fee>1</total_fee>
<trade_type><![CDATA[JSAPI]]></trade_type>
<transaction_id><![CDATA[4006292001201607290054493587]]></transaction_id>
</xml><xml><appid><![CDATA[wx67c8081d6cc7eb32]]></appid>
<bank_type><![CDATA[CFT]]></bank_type>
<cash_fee><![CDATA[1]]></cash_fee>
<fee_type><![CDATA[CNY]]></fee_type>
<is_subscribe><![CDATA[Y]]></is_subscribe>
<mch_id><![CDATA[1367406702]]></mch_id>
<nonce_str><![CDATA[Q6elqOROmZAvv4B7nSc9Nc9qc8KVTvii]]></nonce_str>
<openid><![CDATA[ox6lZvwT28wIf6Nj-DlXdExyYvB4]]></openid>
<out_trade_no><![CDATA[2016072948974951]]></out_trade_no>
<result_code><![CDATA[SUCCESS]]></result_code>
<return_code><![CDATA[SUCCESS]]></return_code>
<sign><![CDATA[92718391C4235A10F52DC02A2E6EDBCD]]></sign>
<time_end><![CDATA[20160729161214]]></time_end>
<total_fee>1</total_fee>
<trade_type><![CDATA[JSAPI]]></trade_type>
<transaction_id><![CDATA[4002352001201607290050778214]]></transaction_id>
</xml><xml><appid><![CDATA[wx67c8081d6cc7eb32]]></appid>
<bank_type><![CDATA[CFT]]></bank_type>
<cash_fee><![CDATA[1]]></cash_fee>
<fee_type><![CDATA[CNY]]></fee_type>
<is_subscribe><![CDATA[Y]]></is_subscribe>
<mch_id><![CDATA[1367406702]]></mch_id>
<nonce_str><![CDATA[WArsMH2FOQ22Ov3JPDR0ggKfwMnDa0NB]]></nonce_str>
<openid><![CDATA[ox6lZvwT28wIf6Nj-DlXdExyYvB4]]></openid>
<out_trade_no><![CDATA[2016072998979955]]></out_trade_no>
<result_code><![CDATA[SUCCESS]]></result_code>
<return_code><![CDATA[SUCCESS]]></return_code>
<sign><![CDATA[B99F8EE97BD6791F9FADBD22A3AEC623]]></sign>
<time_end><![CDATA[20160729161446]]></time_end>
<total_fee>1</total_fee>
<trade_type><![CDATA[JSAPI]]></trade_type>
<transaction_id><![CDATA[4002352001201607290049153753]]></transaction_id>
</xml><xml><appid><![CDATA[wx67c8081d6cc7eb32]]></appid>
<bank_type><![CDATA[CFT]]></bank_type>
<cash_fee><![CDATA[1]]></cash_fee>
<fee_type><![CDATA[CNY]]></fee_type>
<is_subscribe><![CDATA[Y]]></is_subscribe>
<mch_id><![CDATA[1367406702]]></mch_id>
<nonce_str><![CDATA[tuzaEEleIu8N16WKwQkYxj5YiLSO8hND]]></nonce_str>
<openid><![CDATA[ox6lZvwT28wIf6Nj-DlXdExyYvB4]]></openid>
<out_trade_no><![CDATA[2016072954501015]]></out_trade_no>
<result_code><![CDATA[SUCCESS]]></result_code>
<return_code><![CDATA[SUCCESS]]></return_code>
<sign><![CDATA[BF5BCE6E6B52986CF0CE6564CD71F839]]></sign>
<time_end><![CDATA[20160729151753]]></time_end>
<total_fee>1</total_fee>
<trade_type><![CDATA[JSAPI]]></trade_type>
<transaction_id><![CDATA[4002352001201607290046985645]]></transaction_id>
</xml><xml><appid><![CDATA[wx67c8081d6cc7eb32]]></appid>
<bank_type><![CDATA[CFT]]></bank_type>
<cash_fee><![CDATA[1]]></cash_fee>
<fee_type><![CDATA[CNY]]></fee_type>
<is_subscribe><![CDATA[Y]]></is_subscribe>
<mch_id><![CDATA[1367406702]]></mch_id>
<nonce_str><![CDATA[usEoc0mKb4voAkjCcYrvJhaL4di4uLpJ]]></nonce_str>
<openid><![CDATA[ox6lZvwT28wIf6Nj-DlXdExyYvB4]]></openid>
<out_trade_no><![CDATA[2016072998999897]]></out_trade_no>
<result_code><![CDATA[SUCCESS]]></result_code>
<return_code><![CDATA[SUCCESS]]></return_code>
<sign><![CDATA[25D23CD0C7F1299571CDF4CDFB6E15FD]]></sign>
<time_end><![CDATA[20160729151849]]></time_end>
<total_fee>1</total_fee>
<trade_type><![CDATA[JSAPI]]></trade_type>
<transaction_id><![CDATA[4002352001201607290047015033]]></transaction_id>
</xml><xml><appid><![CDATA[wx67c8081d6cc7eb32]]></appid>
<bank_type><![CDATA[CFT]]></bank_type>
<cash_fee><![CDATA[1]]></cash_fee>
<fee_type><![CDATA[CNY]]></fee_type>
<is_subscribe><![CDATA[N]]></is_subscribe>
<mch_id><![CDATA[1367406702]]></mch_id>
<nonce_str><![CDATA[DbvUPhOAptigwKssxh5PMK6VttNFOyOh]]></nonce_str>
<openid><![CDATA[ox6lZv3eVnFWVPSz6XNU9i-IWl84]]></openid>
<out_trade_no><![CDATA[2016072951999852]]></out_trade_no>
<result_code><![CDATA[SUCCESS]]></result_code>
<return_code><![CDATA[SUCCESS]]></return_code>
<sign><![CDATA[D808DBA4883C4429681F21A19014F1A5]]></sign>
<time_end><![CDATA[20160729172139]]></time_end>
<total_fee>1</total_fee>
<trade_type><![CDATA[JSAPI]]></trade_type>
<transaction_id><![CDATA[4005882001201607290053514872]]></transaction_id>
</xml><xml><appid><![CDATA[wx67c8081d6cc7eb32]]></appid>
<bank_type><![CDATA[CFT]]></bank_type>
<cash_fee><![CDATA[1]]></cash_fee>
<fee_type><![CDATA[CNY]]></fee_type>
<is_subscribe><![CDATA[Y]]></is_subscribe>
<mch_id><![CDATA[1367406702]]></mch_id>
<nonce_str><![CDATA[CPNpqlQ6a4rS5gymDiNQiYwWhElbPpdE]]></nonce_str>
<openid><![CDATA[ox6lZvwT28wIf6Nj-DlXdExyYvB4]]></openid>
<out_trade_no><![CDATA[2016072954549749]]></out_trade_no>
<result_code><![CDATA[SUCCESS]]></result_code>
<return_code><![CDATA[SUCCESS]]></return_code>
<sign><![CDATA[CB7DD039BD3ED626FAB827049D63BF5F]]></sign>
<time_end><![CDATA[20160729152345]]></time_end>
<total_fee>1</total_fee>
<trade_type><![CDATA[JSAPI]]></trade_type>
<transaction_id><![CDATA[4002352001201607290045462421]]></transaction_id>
</xml><xml><appid><![CDATA[wx67c8081d6cc7eb32]]></appid>
<bank_type><![CDATA[CFT]]></bank_type>
<cash_fee><![CDATA[1]]></cash_fee>
<fee_type><![CDATA[CNY]]></fee_type>
<is_subscribe><![CDATA[Y]]></is_subscribe>
<mch_id><![CDATA[1367406702]]></mch_id>
<nonce_str><![CDATA[v7c6iwcaw9fU4zXeJqvyFy0n6fw2LfUA]]></nonce_str>
<openid><![CDATA[ox6lZv-qzAu9dBk7BKoQ72bMf8lk]]></openid>
<out_trade_no><![CDATA[2016072910210048]]></out_trade_no>
<result_code><![CDATA[SUCCESS]]></result_code>
<return_code><![CDATA[SUCCESS]]></return_code>
<sign><![CDATA[5866C6F44FC2CAA49F5FFDBBF4C9C428]]></sign>
<time_end><![CDATA[20160729170032]]></time_end>
<total_fee>1</total_fee>
<trade_type><![CDATA[JSAPI]]></trade_type>
<transaction_id><![CDATA[4006292001201607290054406574]]></transaction_id>
</xml><xml><appid><![CDATA[wx67c8081d6cc7eb32]]></appid>
<bank_type><![CDATA[CFT]]></bank_type>
<cash_fee><![CDATA[1]]></cash_fee>
<fee_type><![CDATA[CNY]]></fee_type>
<is_subscribe><![CDATA[N]]></is_subscribe>
<mch_id><![CDATA[1367406702]]></mch_id>
<nonce_str><![CDATA[VuHkPgkHGmMnrgm665QgX35GWNbjuFb7]]></nonce_str>
<openid><![CDATA[ox6lZvxRN_-tTi53aIKBG4Oxn_L8]]></openid>
<out_trade_no><![CDATA[2016072956501025]]></out_trade_no>
<result_code><![CDATA[SUCCESS]]></result_code>
<return_code><![CDATA[SUCCESS]]></return_code>
<sign><![CDATA[77592F3EE44C376AF5CA1648067D0476]]></sign>
<time_end><![CDATA[20160729173102]]></time_end>
<total_fee>1</total_fee>
<trade_type><![CDATA[JSAPI]]></trade_type>
<transaction_id><![CDATA[4006272001201607290055489790]]></transaction_id>
</xml><xml><appid><![CDATA[wx67c8081d6cc7eb32]]></appid>
<bank_type><![CDATA[CFT]]></bank_type>
<cash_fee><![CDATA[1]]></cash_fee>
<fee_type><![CDATA[CNY]]></fee_type>
<is_subscribe><![CDATA[Y]]></is_subscribe>
<mch_id><![CDATA[1367406702]]></mch_id>
<nonce_str><![CDATA[NWVSsxAfY8o8W9MZF9VglflkqGEPN5f1]]></nonce_str>
<openid><![CDATA[ox6lZv-qzAu9dBk7BKoQ72bMf8lk]]></openid>
<out_trade_no><![CDATA[2016072956525548]]></out_trade_no>
<result_code><![CDATA[SUCCESS]]></result_code>
<return_code><![CDATA[SUCCESS]]></return_code>
<sign><![CDATA[A0578CFA8398BF8F87A57C52E22AC595]]></sign>
<time_end><![CDATA[20160729170300]]></time_end>
<total_fee>1</total_fee>
<trade_type><![CDATA[JSAPI]]></trade_type>
<transaction_id><![CDATA[4006292001201607290054493587]]></transaction_id>
</xml><xml><appid><![CDATA[wx67c8081d6cc7eb32]]></appid>
<bank_type><![CDATA[CFT]]></bank_type>
<cash_fee><![CDATA[1]]></cash_fee>
<fee_type><![CDATA[CNY]]></fee_type>
<is_subscribe><![CDATA[Y]]></is_subscribe>
<mch_id><![CDATA[1367406702]]></mch_id>
<nonce_str><![CDATA[ooWFG5f1Xer6zMdNlcB8Y9kP65dAYUgZ]]></nonce_str>
<openid><![CDATA[ox6lZvwT28wIf6Nj-DlXdExyYvB4]]></openid>
<out_trade_no><![CDATA[2016072957100989]]></out_trade_no>
<result_code><![CDATA[SUCCESS]]></result_code>
<return_code><![CDATA[SUCCESS]]></return_code>
<sign><![CDATA[0EFC4E8A1D65199BA9F9A8294383887B]]></sign>
<time_end><![CDATA[20160729153605]]></time_end>
<total_fee>1</total_fee>
<trade_type><![CDATA[JSAPI]]></trade_type>
<transaction_id><![CDATA[4002352001201607290045850052]]></transaction_id>
</xml><xml><appid><![CDATA[wx67c8081d6cc7eb32]]></appid>
<bank_type><![CDATA[CFT]]></bank_type>
<cash_fee><![CDATA[1]]></cash_fee>
<fee_type><![CDATA[CNY]]></fee_type>
<is_subscribe><![CDATA[Y]]></is_subscribe>
<mch_id><![CDATA[1367406702]]></mch_id>
<nonce_str><![CDATA[acSxbbJJwB5TRZqUBK6bcDJbP65pfB1i]]></nonce_str>
<openid><![CDATA[ox6lZvwT28wIf6Nj-DlXdExyYvB4]]></openid>
<out_trade_no><![CDATA[2016072953491009]]></out_trade_no>
<result_code><![CDATA[SUCCESS]]></result_code>
<return_code><![CDATA[SUCCESS]]></return_code>
<sign><![CDATA[9E6E1A8E7D21BA93785276D8938DFBBB]]></sign>
<time_end><![CDATA[20160729153752]]></time_end>
<total_fee>1</total_fee>
<trade_type><![CDATA[JSAPI]]></trade_type>
<transaction_id><![CDATA[4002352001201607290045919128]]></transaction_id>
</xml><xml><appid><![CDATA[wx67c8081d6cc7eb32]]></appid>
<bank_type><![CDATA[CFT]]></bank_type>
<cash_fee><![CDATA[1]]></cash_fee>
<fee_type><![CDATA[CNY]]></fee_type>
<is_subscribe><![CDATA[Y]]></is_subscribe>
<mch_id><![CDATA[1367406702]]></mch_id>
<nonce_str><![CDATA[7ltmIk8pl9uKMFoK3TouEdso5ZAIAe5J]]></nonce_str>
<openid><![CDATA[ox6lZvwT28wIf6Nj-DlXdExyYvB4]]></openid>
<out_trade_no><![CDATA[2016072998575256]]></out_trade_no>
<result_code><![CDATA[SUCCESS]]></result_code>
<return_code><![CDATA[SUCCESS]]></return_code>
<sign><![CDATA[0EBFF645D4994218EC68A303B2A2F8FB]]></sign>
<time_end><![CDATA[20160729154351]]></time_end>
<total_fee>1</total_fee>
<trade_type><![CDATA[JSAPI]]></trade_type>
<transaction_id><![CDATA[4002352001201607290047797531]]></transaction_id>
</xml><xml><appid><![CDATA[wx67c8081d6cc7eb32]]></appid>
<bank_type><![CDATA[CFT]]></bank_type>
<cash_fee><![CDATA[1]]></cash_fee>
<fee_type><![CDATA[CNY]]></fee_type>
<is_subscribe><![CDATA[Y]]></is_subscribe>
<mch_id><![CDATA[1367406702]]></mch_id>
<nonce_str><![CDATA[jsYkb7cu8OVGwvvbmNKtH9gi95EWzzar]]></nonce_str>
<openid><![CDATA[ox6lZvwT28wIf6Nj-DlXdExyYvB4]]></openid>
<out_trade_no><![CDATA[2016072951559899]]></out_trade_no>
<result_code><![CDATA[SUCCESS]]></result_code>
<return_code><![CDATA[SUCCESS]]></return_code>
<sign><![CDATA[F08EC5D268E7472B4867901458714B99]]></sign>
<time_end><![CDATA[20160729154655]]></time_end>
<total_fee>1</total_fee>
<trade_type><![CDATA[JSAPI]]></trade_type>
<transaction_id><![CDATA[4002352001201607290046243411]]></transaction_id>
</xml><xml><appid><![CDATA[wx67c8081d6cc7eb32]]></appid>
<bank_type><![CDATA[CFT]]></bank_type>
<cash_fee><![CDATA[1]]></cash_fee>
<fee_type><![CDATA[CNY]]></fee_type>
<is_subscribe><![CDATA[N]]></is_subscribe>
<mch_id><![CDATA[1367406702]]></mch_id>
<nonce_str><![CDATA[DbvUPhOAptigwKssxh5PMK6VttNFOyOh]]></nonce_str>
<openid><![CDATA[ox6lZv3eVnFWVPSz6XNU9i-IWl84]]></openid>
<out_trade_no><![CDATA[2016072951999852]]></out_trade_no>
<result_code><![CDATA[SUCCESS]]></result_code>
<return_code><![CDATA[SUCCESS]]></return_code>
<sign><![CDATA[D808DBA4883C4429681F21A19014F1A5]]></sign>
<time_end><![CDATA[20160729172139]]></time_end>
<total_fee>1</total_fee>
<trade_type><![CDATA[JSAPI]]></trade_type>
<transaction_id><![CDATA[4005882001201607290053514872]]></transaction_id>
</xml><xml><appid><![CDATA[wx67c8081d6cc7eb32]]></appid>
<bank_type><![CDATA[CFT]]></bank_type>
<cash_fee><![CDATA[1]]></cash_fee>
<fee_type><![CDATA[CNY]]></fee_type>
<is_subscribe><![CDATA[Y]]></is_subscribe>
<mch_id><![CDATA[1367406702]]></mch_id>
<nonce_str><![CDATA[v7c6iwcaw9fU4zXeJqvyFy0n6fw2LfUA]]></nonce_str>
<openid><![CDATA[ox6lZv-qzAu9dBk7BKoQ72bMf8lk]]></openid>
<out_trade_no><![CDATA[2016072910210048]]></out_trade_no>
<result_code><![CDATA[SUCCESS]]></result_code>
<return_code><![CDATA[SUCCESS]]></return_code>
<sign><![CDATA[5866C6F44FC2CAA49F5FFDBBF4C9C428]]></sign>
<time_end><![CDATA[20160729170032]]></time_end>
<total_fee>1</total_fee>
<trade_type><![CDATA[JSAPI]]></trade_type>
<transaction_id><![CDATA[4006292001201607290054406574]]></transaction_id>
</xml><xml><appid><![CDATA[wx67c8081d6cc7eb32]]></appid>
<bank_type><![CDATA[CFT]]></bank_type>
<cash_fee><![CDATA[1]]></cash_fee>
<fee_type><![CDATA[CNY]]></fee_type>
<is_subscribe><![CDATA[N]]></is_subscribe>
<mch_id><![CDATA[1367406702]]></mch_id>
<nonce_str><![CDATA[VuHkPgkHGmMnrgm665QgX35GWNbjuFb7]]></nonce_str>
<openid><![CDATA[ox6lZvxRN_-tTi53aIKBG4Oxn_L8]]></openid>
<out_trade_no><![CDATA[2016072956501025]]></out_trade_no>
<result_code><![CDATA[SUCCESS]]></result_code>
<return_code><![CDATA[SUCCESS]]></return_code>
<sign><![CDATA[77592F3EE44C376AF5CA1648067D0476]]></sign>
<time_end><![CDATA[20160729173102]]></time_end>
<total_fee>1</total_fee>
<trade_type><![CDATA[JSAPI]]></trade_type>
<transaction_id><![CDATA[4006272001201607290055489790]]></transaction_id>
</xml><xml><appid><![CDATA[wx67c8081d6cc7eb32]]></appid>
<bank_type><![CDATA[CFT]]></bank_type>
<cash_fee><![CDATA[1]]></cash_fee>
<fee_type><![CDATA[CNY]]></fee_type>
<is_subscribe><![CDATA[Y]]></is_subscribe>
<mch_id><![CDATA[1367406702]]></mch_id>
<nonce_str><![CDATA[NWVSsxAfY8o8W9MZF9VglflkqGEPN5f1]]></nonce_str>
<openid><![CDATA[ox6lZv-qzAu9dBk7BKoQ72bMf8lk]]></openid>
<out_trade_no><![CDATA[2016072956525548]]></out_trade_no>
<result_code><![CDATA[SUCCESS]]></result_code>
<return_code><![CDATA[SUCCESS]]></return_code>
<sign><![CDATA[A0578CFA8398BF8F87A57C52E22AC595]]></sign>
<time_end><![CDATA[20160729170300]]></time_end>
<total_fee>1</total_fee>
<trade_type><![CDATA[JSAPI]]></trade_type>
<transaction_id><![CDATA[4006292001201607290054493587]]></transaction_id>
</xml><xml><appid><![CDATA[wx67c8081d6cc7eb32]]></appid>
<bank_type><![CDATA[CFT]]></bank_type>
<cash_fee><![CDATA[1]]></cash_fee>
<fee_type><![CDATA[CNY]]></fee_type>
<is_subscribe><![CDATA[Y]]></is_subscribe>
<mch_id><![CDATA[1367406702]]></mch_id>
<nonce_str><![CDATA[Q6elqOROmZAvv4B7nSc9Nc9qc8KVTvii]]></nonce_str>
<openid><![CDATA[ox6lZvwT28wIf6Nj-DlXdExyYvB4]]></openid>
<out_trade_no><![CDATA[2016072948974951]]></out_trade_no>
<result_code><![CDATA[SUCCESS]]></result_code>
<return_code><![CDATA[SUCCESS]]></return_code>
<sign><![CDATA[92718391C4235A10F52DC02A2E6EDBCD]]></sign>
<time_end><![CDATA[20160729161214]]></time_end>
<total_fee>1</total_fee>
<trade_type><![CDATA[JSAPI]]></trade_type>
<transaction_id><![CDATA[4002352001201607290050778214]]></transaction_id>
</xml><xml><appid><![CDATA[wx67c8081d6cc7eb32]]></appid>
<bank_type><![CDATA[CFT]]></bank_type>
<cash_fee><![CDATA[1]]></cash_fee>
<fee_type><![CDATA[CNY]]></fee_type>
<is_subscribe><![CDATA[Y]]></is_subscribe>
<mch_id><![CDATA[1367406702]]></mch_id>
<nonce_str><![CDATA[WArsMH2FOQ22Ov3JPDR0ggKfwMnDa0NB]]></nonce_str>
<openid><![CDATA[ox6lZvwT28wIf6Nj-DlXdExyYvB4]]></openid>
<out_trade_no><![CDATA[2016072998979955]]></out_trade_no>
<result_code><![CDATA[SUCCESS]]></result_code>
<return_code><![CDATA[SUCCESS]]></return_code>
<sign><![CDATA[B99F8EE97BD6791F9FADBD22A3AEC623]]></sign>
<time_end><![CDATA[20160729161446]]></time_end>
<total_fee>1</total_fee>
<trade_type><![CDATA[JSAPI]]></trade_type>
<transaction_id><![CDATA[4002352001201607290049153753]]></transaction_id>
</xml><xml><appid><![CDATA[wx67c8081d6cc7eb32]]></appid>
<bank_type><![CDATA[CFT]]></bank_type>
<cash_fee><![CDATA[1]]></cash_fee>
<fee_type><![CDATA[CNY]]></fee_type>
<is_subscribe><![CDATA[N]]></is_subscribe>
<mch_id><![CDATA[1367406702]]></mch_id>
<nonce_str><![CDATA[DbvUPhOAptigwKssxh5PMK6VttNFOyOh]]></nonce_str>
<openid><![CDATA[ox6lZv3eVnFWVPSz6XNU9i-IWl84]]></openid>
<out_trade_no><![CDATA[2016072951999852]]></out_trade_no>
<result_code><![CDATA[SUCCESS]]></result_code>
<return_code><![CDATA[SUCCESS]]></return_code>
<sign><![CDATA[D808DBA4883C4429681F21A19014F1A5]]></sign>
<time_end><![CDATA[20160729172139]]></time_end>
<total_fee>1</total_fee>
<trade_type><![CDATA[JSAPI]]></trade_type>
<transaction_id><![CDATA[4005882001201607290053514872]]></transaction_id>
</xml><xml><appid><![CDATA[wx67c8081d6cc7eb32]]></appid>
<bank_type><![CDATA[CFT]]></bank_type>
<cash_fee><![CDATA[1]]></cash_fee>
<fee_type><![CDATA[CNY]]></fee_type>
<is_subscribe><![CDATA[N]]></is_subscribe>
<mch_id><![CDATA[1367406702]]></mch_id>
<nonce_str><![CDATA[VuHkPgkHGmMnrgm665QgX35GWNbjuFb7]]></nonce_str>
<openid><![CDATA[ox6lZvxRN_-tTi53aIKBG4Oxn_L8]]></openid>
<out_trade_no><![CDATA[2016072956501025]]></out_trade_no>
<result_code><![CDATA[SUCCESS]]></result_code>
<return_code><![CDATA[SUCCESS]]></return_code>
<sign><![CDATA[77592F3EE44C376AF5CA1648067D0476]]></sign>
<time_end><![CDATA[20160729173102]]></time_end>
<total_fee>1</total_fee>
<trade_type><![CDATA[JSAPI]]></trade_type>
<transaction_id><![CDATA[4006272001201607290055489790]]></transaction_id>
</xml><xml><appid><![CDATA[wx67c8081d6cc7eb32]]></appid>
<bank_type><![CDATA[CFT]]></bank_type>
<cash_fee><![CDATA[1]]></cash_fee>
<fee_type><![CDATA[CNY]]></fee_type>
<is_subscribe><![CDATA[Y]]></is_subscribe>
<mch_id><![CDATA[1367406702]]></mch_id>
<nonce_str><![CDATA[v7c6iwcaw9fU4zXeJqvyFy0n6fw2LfUA]]></nonce_str>
<openid><![CDATA[ox6lZv-qzAu9dBk7BKoQ72bMf8lk]]></openid>
<out_trade_no><![CDATA[2016072910210048]]></out_trade_no>
<result_code><![CDATA[SUCCESS]]></result_code>
<return_code><![CDATA[SUCCESS]]></return_code>
<sign><![CDATA[5866C6F44FC2CAA49F5FFDBBF4C9C428]]></sign>
<time_end><![CDATA[20160729170032]]></time_end>
<total_fee>1</total_fee>
<trade_type><![CDATA[JSAPI]]></trade_type>
<transaction_id><![CDATA[4006292001201607290054406574]]></transaction_id>
</xml><xml><appid><![CDATA[wx67c8081d6cc7eb32]]></appid>
<bank_type><![CDATA[CFT]]></bank_type>
<cash_fee><![CDATA[1]]></cash_fee>
<fee_type><![CDATA[CNY]]></fee_type>
<is_subscribe><![CDATA[Y]]></is_subscribe>
<mch_id><![CDATA[1367406702]]></mch_id>
<nonce_str><![CDATA[NWVSsxAfY8o8W9MZF9VglflkqGEPN5f1]]></nonce_str>
<openid><![CDATA[ox6lZv-qzAu9dBk7BKoQ72bMf8lk]]></openid>
<out_trade_no><![CDATA[2016072956525548]]></out_trade_no>
<result_code><![CDATA[SUCCESS]]></result_code>
<return_code><![CDATA[SUCCESS]]></return_code>
<sign><![CDATA[A0578CFA8398BF8F87A57C52E22AC595]]></sign>
<time_end><![CDATA[20160729170300]]></time_end>
<total_fee>1</total_fee>
<trade_type><![CDATA[JSAPI]]></trade_type>
<transaction_id><![CDATA[4006292001201607290054493587]]></transaction_id>
</xml><xml><appid><![CDATA[wx67c8081d6cc7eb32]]></appid>
<bank_type><![CDATA[CFT]]></bank_type>
<cash_fee><![CDATA[1]]></cash_fee>
<fee_type><![CDATA[CNY]]></fee_type>
<is_subscribe><![CDATA[N]]></is_subscribe>
<mch_id><![CDATA[1367406702]]></mch_id>
<nonce_str><![CDATA[DbvUPhOAptigwKssxh5PMK6VttNFOyOh]]></nonce_str>
<openid><![CDATA[ox6lZv3eVnFWVPSz6XNU9i-IWl84]]></openid>
<out_trade_no><![CDATA[2016072951999852]]></out_trade_no>
<result_code><![CDATA[SUCCESS]]></result_code>
<return_code><![CDATA[SUCCESS]]></return_code>
<sign><![CDATA[D808DBA4883C4429681F21A19014F1A5]]></sign>
<time_end><![CDATA[20160729172139]]></time_end>
<total_fee>1</total_fee>
<trade_type><![CDATA[JSAPI]]></trade_type>
<transaction_id><![CDATA[4005882001201607290053514872]]></transaction_id>
</xml><xml><appid><![CDATA[wx67c8081d6cc7eb32]]></appid>
<bank_type><![CDATA[CFT]]></bank_type>
<cash_fee><![CDATA[1]]></cash_fee>
<fee_type><![CDATA[CNY]]></fee_type>
<is_subscribe><![CDATA[N]]></is_subscribe>
<mch_id><![CDATA[1367406702]]></mch_id>
<nonce_str><![CDATA[VuHkPgkHGmMnrgm665QgX35GWNbjuFb7]]></nonce_str>
<openid><![CDATA[ox6lZvxRN_-tTi53aIKBG4Oxn_L8]]></openid>
<out_trade_no><![CDATA[2016072956501025]]></out_trade_no>
<result_code><![CDATA[SUCCESS]]></result_code>
<return_code><![CDATA[SUCCESS]]></return_code>
<sign><![CDATA[77592F3EE44C376AF5CA1648067D0476]]></sign>
<time_end><![CDATA[20160729173102]]></time_end>
<total_fee>1</total_fee>
<trade_type><![CDATA[JSAPI]]></trade_type>
<transaction_id><![CDATA[4006272001201607290055489790]]></transaction_id>
</xml>